<?xml version="1.0" encoding="UTF-8"?>
<!-- Generated by org.testng.reporters.JUnitReportReporter -->
<testsuite skipped="0" hostname="DESKTOP-L8UBU2Q" name="testCases.LoginTest" tests="1" failures="0" timestamp="28 Sep 2018 07:54:47 GMT" time="8.804" errors="0">
  <testcase name="loginAsRegsiteredUser" time="8.804" classname="testCases.LoginTest"/>
</testsuite> <!-- testCases.LoginTest -->
